Crossword of 48 words:

	o s X _ _ _ _ _ _ X 
	c o n v o c a r X _ 
	c X i _ X X X _ _ _ 
	i _ t _ X _ X _ _ _ 
	s X i _ _ _ X X _ _ 
	o _ d _ _ _ _ X X X 
	X _ o X _ _ _ _ _ _ 
	_ _ X _ _ _ X _ _ _ 
	_ X X _ _ _ _ _ _ _ 
	_ _ _ X _ _ _ X X _ 

HORIZONTALES:
Pos(0,0)	Longitud 2		- os
Pos(0,3)	Longitud 6		- 
Pos(1,0)	Longitud 8		- convocar
Pos(1,9)	Longitud 1		- 
Pos(2,0)	Longitud 1		- c
Pos(2,2)	Longitud 2		- 
Pos(2,7)	Longitud 3		- 
Pos(3,0)	Longitud 4		- 
Pos(3,5)	Longitud 1		- 
Pos(3,7)	Longitud 3		- 
Pos(4,0)	Longitud 1		- s
Pos(4,2)	Longitud 4		- 
Pos(4,8)	Longitud 2		- 
Pos(5,0)	Longitud 7		- 
Pos(6,1)	Longitud 2		- 
Pos(6,4)	Longitud 6		- 
Pos(7,0)	Longitud 2		- 
Pos(7,3)	Longitud 3		- 
Pos(7,7)	Longitud 3		- 
Pos(8,0)	Longitud 1		- 
Pos(8,3)	Longitud 7		- 
Pos(9,0)	Longitud 3		- 
Pos(9,4)	Longitud 3		- 
Pos(9,9)	Longitud 1		- 

VERTICALES:
Pos(0,0)	Longitud 6		- occiso
Pos(7,0)	Longitud 3		- 
Pos(0,1)	Longitud 2		- so
Pos(3,1)	Longitud 1		- 
Pos(5,1)	Longitud 3		- 
Pos(9,1)	Longitud 1		- 
Pos(1,2)	Longitud 6		- nitido
Pos(9,2)	Longitud 1		- 
Pos(0,3)	Longitud 6		- 
Pos(7,3)	Longitud 2		- 
Pos(0,4)	Longitud 2		- 
Pos(4,4)	Longitud 6		- 
Pos(0,5)	Longitud 2		- 
Pos(3,5)	Longitud 7		- 
Pos(0,6)	Longitud 2		- 
Pos(5,6)	Longitud 2		- 
Pos(8,6)	Longitud 2		- 
Pos(0,7)	Longitud 4		- 
Pos(6,7)	Longitud 3		- 
Pos(0,8)	Longitud 1		- 
Pos(2,8)	Longitud 3		- 
Pos(6,8)	Longitud 3		- 
Pos(1,9)	Longitud 4		- 
Pos(6,9)	Longitud 4		- 
